<?xml version="1.0" encoding="UTF-8"?>
<testng-results skipped="0" failed="1" ignored="0" total="3" passed="2">
  <reporter-output>
  </reporter-output>
  <suite name="Default suite" duration-ms="35628" started-at="2017-02-07T02:26:31Z" finished-at="2017-02-07T02:27:06Z">
    <groups>
    </groups>
    <test name="Default test" duration-ms="35628" started-at="2017-02-07T02:26:31Z" finished-at="2017-02-07T02:27:06Z">
      <class name="eMail.GmailDemo_InValidLogin">
        <test-method status="PASS" signature="driverLaunch()[pri:0, instance:eMail.GmailDemo_InValidLogin@4bec1f0c]" name="driverLaunch" is-config="true" duration-ms="7" started-at="2017-02-07T10:26:31Z" finished-at="2017-02-07T10:26:31Z">
          <reporter-output>
          </reporter-output>
        </test-method> <!-- driverLaunch -->
        <test-method status="PASS" signature="TC1_OpenBrowser()[pri:1, instance:eMail.GmailDemo_InValidLogin@4bec1f0c]" name="TC1_OpenBrowser" duration-ms="2726" started-at="2017-02-07T10:26:31Z" finished-at="2017-02-07T10:26:33Z">
          <reporter-output>
          </reporter-output>
        </test-method> <!-- TC1_OpenBrowser -->
        <test-method status="PASS" signature="takeScreenShotOnFailure(org.testng.ITestResult)[pri:0, instance:eMail.GmailDemo_InValidLogin@4bec1f0c]" name="takeScreenShotOnFailure" is-config="true" duration-ms="1" started-at="2017-02-07T10:26:33Z" finished-at="2017-02-07T10:26:33Z">
          <params>
            <param index="0">
              <value>
                <![CDATA[[TestResult name=TC1_OpenBrowser status=SUCCESS method=GmailDemo_InValidLogin.TC1_OpenBrowser()[pri:1, instance:eMail.GmailDemo_InValidLogin@4bec1f0c] output={null}]]]>
              </value>
            </param>
          </params>
          <reporter-output>
          </reporter-output>
        </test-method> <!-- takeScreenShotOnFailure -->
        <test-method status="PASS" signature="TC2_LaunchGoogle()[pri:2, instance:eMail.GmailDemo_InValidLogin@4bec1f0c]" name="TC2_LaunchGoogle" duration-ms="1009" started-at="2017-02-07T10:26:33Z" finished-at="2017-02-07T10:26:34Z">
          <reporter-output>
          </reporter-output>
        </test-method> <!-- TC2_LaunchGoogle -->
        <test-method status="PASS" signature="takeScreenShotOnFailure(org.testng.ITestResult)[pri:0, instance:eMail.GmailDemo_InValidLogin@4bec1f0c]" name="takeScreenShotOnFailure" is-config="true" duration-ms="0" started-at="2017-02-07T10:26:34Z" finished-at="2017-02-07T10:26:34Z">
          <params>
            <param index="0">
              <value>
                <![CDATA[[TestResult name=TC2_LaunchGoogle status=SUCCESS method=GmailDemo_InValidLogin.TC2_LaunchGoogle()[pri:2, instance:eMail.GmailDemo_InValidLogin@4bec1f0c] output={null}]]]>
              </value>
            </param>
          </params>
          <reporter-output>
          </reporter-output>
        </test-method> <!-- takeScreenShotOnFailure -->
        <test-method status="FAIL" signature="TC3_InValidlogin()[pri:3, instance:eMail.GmailDemo_InValidLogin@4bec1f0c]" name="TC3_InValidlogin" duration-ms="31773" started-at="2017-02-07T10:26:34Z" finished-at="2017-02-07T10:27:06Z">
          <exception class="org.openqa.selenium.NoSuchElementException">
            <message>
              <![CDATA[Unable to locate element: //input[contains(@value,'Nextt')]
For documentation on this error, please visit: http://seleniumhq.org/exceptions/no_such_element.html
Build info: version: 'unknown', revision: '1969d75', time: '2016-10-18 09:43:45 -0700'
System info: host: 'GOVTECH-CTMO-02', ip: '192.168.56.1', os.name: 'Windows 10', os.arch: 'amd64', os.version: '10.0', java.version: '1.8.0_111'
Driver info: org.openqa.selenium.firefox.FirefoxDriver
Capabilities [{rotatable=false, raisesAccessibilityExceptions=false, marionette=true, firefoxOptions={args=[], prefs={}}, appBuildId=20170125094131, version=, platform=XP, proxy={}, command_id=1, specificationLevel=0, acceptSslCerts=false, processId=17536, browserVersion=51.0.1, platformVersion=10.0, XULappId={ec8030f7-c20a-464f-9b0e-13a3a9e97384}, browserName=firefox, takesScreenshot=true, takesElementScreenshot=true, platformName=windows_nt}]
Session ID: fd023365-a0c7-4802-8f1e-1d3ea56ed43b
*** Element info: {Using=xpath, value=//input[contains(@value,'Nextt')]}]]>
            </message>
            <full-stacktrace>
              <![CDATA[org.openqa.selenium.NoSuchElementException: Unable to locate element: //input[contains(@value,'Nextt')]
For documentation on this error, please visit: http://seleniumhq.org/exceptions/no_such_element.html
Build info: version: 'unknown', revision: '1969d75', time: '2016-10-18 09:43:45 -0700'
System info: host: 'GOVTECH-CTMO-02', ip: '192.168.56.1', os.name: 'Windows 10', os.arch: 'amd64', os.version: '10.0', java.version: '1.8.0_111'
Driver info: org.openqa.selenium.firefox.FirefoxDriver
Capabilities [{rotatable=false, raisesAccessibilityExceptions=false, marionette=true, firefoxOptions={args=[], prefs={}}, appBuildId=20170125094131, version=, platform=XP, proxy={}, command_id=1, specificationLevel=0, acceptSslCerts=false, processId=17536, browserVersion=51.0.1, platformVersion=10.0, XULappId={ec8030f7-c20a-464f-9b0e-13a3a9e97384}, browserName=firefox, takesScreenshot=true, takesElementScreenshot=true, platformName=windows_nt}]
Session ID: fd023365-a0c7-4802-8f1e-1d3ea56ed43b
*** Element info: {Using=xpath, value=//input[contains(@value,'Nextt')]}
	at sun.reflect.NativeConstructorAccessorImpl.newInstance0(Native Method)
	at sun.reflect.NativeConstructorAccessorImpl.newInstance(NativeConstructorAccessorImpl.java:62)
	at sun.reflect.DelegatingConstructorAccessorImpl.newInstance(DelegatingConstructorAccessorImpl.java:45)
	at java.lang.reflect.Constructor.newInstance(Constructor.java:423)
	at org.openqa.selenium.remote.http.W3CHttpResponseCodec.createException(W3CHttpResponseCodec.java:127)
	at org.openqa.selenium.remote.http.W3CHttpResponseCodec.decode(W3CHttpResponseCodec.java:93)
	at org.openqa.selenium.remote.http.W3CHttpResponseCodec.decode(W3CHttpResponseCodec.java:42)
	at org.openqa.selenium.remote.HttpCommandExecutor.execute(HttpCommandExecutor.java:163)
	at org.openqa.selenium.remote.service.DriverCommandExecutor.execute(DriverCommandExecutor.java:82)
	at org.openqa.selenium.remote.RemoteWebDriver.execute(RemoteWebDriver.java:601)
	at org.openqa.selenium.remote.RemoteWebDriver.findElement(RemoteWebDriver.java:368)
	at org.openqa.selenium.remote.RemoteWebDriver.findElementByXPath(RemoteWebDriver.java:473)
	at org.openqa.selenium.By$ByXPath.findElement(By.java:361)
	at org.openqa.selenium.remote.RemoteWebDriver.findElement(RemoteWebDriver.java:360)
	at eMail.GmailDemo_InValidLogin.TC3_InValidlogin(GmailDemo_InValidLogin.java:48)
	at sun.reflect.NativeMethodAccessorImpl.invoke0(Native Method)
	at sun.reflect.NativeMethodAccessorImpl.invoke(NativeMethodAccessorImpl.java:62)
	at sun.reflect.DelegatingMethodAccessorImpl.invoke(DelegatingMethodAccessorImpl.java:43)
	at java.lang.reflect.Method.invoke(Method.java:498)
	at org.testng.internal.MethodInvocationHelper.invokeMethod(MethodInvocationHelper.java:104)
	at org.testng.internal.Invoker.invokeMethod(Invoker.java:645)
	at org.testng.internal.Invoker.invokeTestMethod(Invoker.java:851)
	at org.testng.internal.Invoker.invokeTestMethods(Invoker.java:1177)
	at org.testng.internal.TestMethodWorker.invokeTestMethods(TestMethodWorker.java:129)
	at org.testng.internal.TestMethodWorker.run(TestMethodWorker.java:112)
	at org.testng.TestRunner.privateRun(TestRunner.java:756)
	at org.testng.TestRunner.run(TestRunner.java:610)
	at org.testng.SuiteRunner.runTest(SuiteRunner.java:387)
	at org.testng.SuiteRunner.runSequentially(SuiteRunner.java:382)
	at org.testng.SuiteRunner.privateRun(SuiteRunner.java:340)
	at org.testng.SuiteRunner.run(SuiteRunner.java:289)
	at org.testng.SuiteRunnerWorker.runSuite(SuiteRunnerWorker.java:52)
	at org.testng.SuiteRunnerWorker.run(SuiteRunnerWorker.java:86)
	at org.testng.TestNG.runSuitesSequentially(TestNG.java:1293)
	at org.testng.TestNG.runSuitesLocally(TestNG.java:1218)
	at org.testng.TestNG.runSuites(TestNG.java:1133)
	at org.testng.TestNG.run(TestNG.java:1104)
	at org.testng.remote.AbstractRemoteTestNG.run(AbstractRemoteTestNG.java:132)
	at org.testng.remote.RemoteTestNG.initAndRun(RemoteTestNG.java:236)
	at org.testng.remote.RemoteTestNG.main(RemoteTestNG.java:81)
]]>
            </full-stacktrace>
          </exception> <!-- org.openqa.selenium.NoSuchElementException -->
          <reporter-output>
          </reporter-output>
        </test-method> <!-- TC3_InValidlogin -->
        <test-method status="PASS" signature="takeScreenShotOnFailure(org.testng.ITestResult)[pri:0, instance:eMail.GmailDemo_InValidLogin@4bec1f0c]" name="takeScreenShotOnFailure" is-config="true" duration-ms="83" started-at="2017-02-07T10:27:06Z" finished-at="2017-02-07T10:27:06Z">
          <params>
            <param index="0">
              <value>
                <![CDATA[[TestResult name=TC3_InValidlogin status=FAILURE method=GmailDemo_InValidLogin.TC3_InValidlogin()[pri:3, instance:eMail.GmailDemo_InValidLogin@4bec1f0c] output={null}]]]>
              </value>
            </param>
          </params>
          <reporter-output>
          </reporter-output>
        </test-method> <!-- takeScreenShotOnFailure -->
      </class> <!-- eMail.GmailDemo_InValidLogin -->
    </test> <!-- Default test -->
  </suite> <!-- Default suite -->
</testng-results>
